<?xml version="1.0" encoding="UTF-8"?>
<!-- Generated by org.testng.reporters.JUnitReportReporter -->
<testsuite name="demo.openRsys" tests="1" time="12.563" ignored="0" failures="0" timestamp="28 Dec 2018 08:21:48 GMT" skipped="0" hostname="C40FF82NCU" errors="0">
  <testcase name="testhell" time="12.563" classname="demo.openRsys"/>
</testsuite> <!-- demo.openRsys -->
