<?xml version="1.0" encoding="UTF-8"?>
<!-- Generated by org.testng.reporters.JUnitReportReporter -->
<testsuite name="openRsys" tests="1" time="0.010" ignored="0" failures="0" timestamp="27 Dec 2018 06:20:56 GMT" skipped="0" hostname="C40FF82NCU" errors="0">
  <testcase name="testhell" time="0.010" classname="openRsys"/>
</testsuite> <!-- openRsys -->
