<?xml version="1.0" encoding="UTF-8"?>
<!-- Generated by org.testng.reporters.JUnitReportReporter -->
<testsuite name="TestCases.HomePageTest" tests="1" time="10.606" ignored="0" failures="0" timestamp="10 Jan 2019 06:38:12 GMT" skipped="0" hostname="C40FF82NCU" errors="0">
  <testcase name="setup2" time="10.606" classname="TestCases.HomePageTest"/>
</testsuite> <!-- TestCases.HomePageTest -->
