<?xml version="1.0" encoding="UTF-8"?>
<!-- Generated by org.testng.reporters.JUnitReportReporter -->
<testsuite hostname="C40FF82NCU" name="WiniumPac.CalculatorTest" tests="1" failures="0" timestamp="4 Dec 2018 11:04:40 GMT" time="8.506" errors="0">
  <testcase name="AddTest" time="8.506" classname="WiniumPac.CalculatorTest"/>
</testsuite> <!-- WiniumPac.CalculatorTest -->
