<?xml version="1.0" encoding="UTF-8"?>
<!-- Generated by org.testng.reporters.JUnitReportReporter -->
<testsuite hostname="C40FF82NCU" name="EDatDrivenFrame.DataProviderTest1" tests="2" failures="0" timestamp="12 Dec 2018 07:36:55 GMT" time="0.010" errors="0">
  <testcase name="DP" time="0.001" classname="EDatDrivenFrame.DataProviderTest1"/>
  <testcase name="DP" time="0.009" classname="EDatDrivenFrame.DataProviderTest1"/>
</testsuite> <!-- EDatDrivenFrame.DataProviderTest1 -->
