<?xml version="1.0" encoding="UTF-8"?>
<!-- Generated by org.testng.reporters.JUnitReportReporter -->
<testsuite hostname="C40FF82NCU" name="TestCases.RsystemsScreenshot" tests="1" failures="0" timestamp="7 Dec 2018 08:39:14 GMT" time="22.700" errors="0">
  <testcase name="takeScreenshot" time="22.700" classname="TestCases.RsystemsScreenshot"/>
</testsuite> <!-- TestCases.RsystemsScreenshot -->
