<?xml version="1.0" encoding="UTF-8"?>
<!-- Generated by org.testng.reporters.JUnitReportReporter -->
<testsuite hostname="C40FF82NCU" name="DD2.DummyTestC" tests="1" failures="0" timestamp="20 Dec 2018 08:37:42 GMT" time="12.042" errors="0">
  <testcase name="DTestC1" time="12.042" classname="DD2.DummyTestC"/>
</testsuite> <!-- DD2.DummyTestC -->
