<?xml version="1.0" encoding="UTF-8"?>
<!-- Generated by org.testng.reporters.JUnitReportReporter -->
<testsuite hostname="C40FF82NCU" name="WiniumPac.CalculatorTest" tests="1" failures="0" timestamp="7 Dec 2018 06:09:05 GMT" time="8.790" errors="0">
  <testcase name="AddTest" time="8.790" classname="WiniumPac.CalculatorTest"/>
</testsuite> <!-- WiniumPac.CalculatorTest -->
