<?xml version="1.0" encoding="UTF-8"?>
<!-- Generated by org.testng.reporters.JUnitReportReporter -->
<testsuite hostname="C40FF82NCU" name="TestNG.ExtentReportDemo" tests="2" failures="0" timestamp="6 Dec 2018 10:49:42 GMT" time="0.503" errors="0">
  <testcase name="Test1" time="0.430" classname="TestNG.ExtentReportDemo"/>
  <testcase name="Test2" time="0.073" classname="TestNG.ExtentReportDemo"/>
</testsuite> <!-- TestNG.ExtentReportDemo -->
