<?xml version="1.0" encoding="UTF-8"?>
<!-- Generated by org.testng.reporters.JUnitReportReporter -->
<testsuite hostname="C40FF82NCU" name="TestNG.TestClassA" tests="2" failures="0" timestamp="6 Dec 2018 10:50:51 GMT" time="0.503" errors="0">
  <testcase name="TestA1" time="0.435" classname="TestNG.TestClassA"/>
  <testcase name="TestA2" time="0.068" classname="TestNG.TestClassA"/>
</testsuite> <!-- TestNG.TestClassA -->
