<?xml version="1.0" encoding="UTF-8"?>
<!-- Generated by org.testng.reporters.JUnitReportReporter -->
<testsuite hostname="C40FF82NCU" name="DatDrivenFrame.UseXlsDataDRiven" tests="9" failures="0" timestamp="7 Dec 2018 08:04:58 GMT" time="0.017" errors="0">
  <testcase name="DP" time="0.001" classname="DatDrivenFrame.UseXlsDataDRiven"/>
  <testcase name="DP" time="0.008" classname="DatDrivenFrame.UseXlsDataDRiven"/>
  <testcase name="DP" time="0.001" classname="DatDrivenFrame.UseXlsDataDRiven"/>
  <testcase name="DP" time="0.001" classname="DatDrivenFrame.UseXlsDataDRiven"/>
  <testcase name="DP" time="0.001" classname="DatDrivenFrame.UseXlsDataDRiven"/>
  <testcase name="DP" time="0.002" classname="DatDrivenFrame.UseXlsDataDRiven"/>
  <testcase name="DP" time="0.001" classname="DatDrivenFrame.UseXlsDataDRiven"/>
  <testcase name="DP" time="0.001" classname="DatDrivenFrame.UseXlsDataDRiven"/>
  <testcase name="DP" time="0.001" classname="DatDrivenFrame.UseXlsDataDRiven"/>
</testsuite> <!-- DatDrivenFrame.UseXlsDataDRiven -->
