<?xml version="1.0" encoding="UTF-8"?>
<!-- Generated by org.testng.reporters.JUnitReportReporter -->
<testsuite hostname="C40FF82NCU" name="DD2.DummyTestB" tests="2" failures="0" timestamp="12 Dec 2018 11:23:08 GMT" time="42.793" errors="0">
  <testcase name="DTestB1" time="42.735" classname="DD2.DummyTestB"/>
  <testcase name="DTestB2" time="0.058" classname="DD2.DummyTestB"/>
</testsuite> <!-- DD2.DummyTestB -->
