<?xml version="1.0" encoding="UTF-8"?>
<!-- Generated by org.testng.reporters.JUnitReportReporter -->
<testsuite hostname="C40FF82NCU" name="TestNG.ExtentReportDemo" tests="2" failures="0" timestamp="7 Dec 2018 12:01:35 GMT" time="0.495" errors="0">
  <testcase name="Test1" time="0.426" classname="TestNG.ExtentReportDemo"/>
  <testcase name="Test2" time="0.069" classname="TestNG.ExtentReportDemo"/>
</testsuite> <!-- TestNG.ExtentReportDemo -->
