<?xml version="1.0" encoding="UTF-8"?>
<!-- Generated by org.testng.reporters.JUnitReportReporter -->
<testsuite hostname="C40FF82NCU" name="DD2.DummyTestB" tests="2" failures="0" timestamp="4 Jan 2019 06:37:58 GMT" time="50.284" errors="0">
  <testcase name="DTestB1" time="17.967" classname="DD2.DummyTestB"/>
  <testcase name="DTestB1" time="32.317" classname="DD2.DummyTestB"/>
</testsuite> <!-- DD2.DummyTestB -->
