<?xml version="1.0" encoding="UTF-8"?>
<!-- Generated by org.testng.reporters.JUnitReportReporter -->
<testsuite hostname="C40FF82NCU" name="TestNG.ExtentReportDemo3" tests="2" failures="0" timestamp="10 Dec 2018 09:48:59 GMT" time="0.525" errors="0">
  <testcase name="Test1" time="0.452" classname="TestNG.ExtentReportDemo3"/>
  <testcase name="Test2" time="0.073" classname="TestNG.ExtentReportDemo3"/>
</testsuite> <!-- TestNG.ExtentReportDemo3 -->
