<?xml version="1.0" encoding="UTF-8"?>
<!-- Generated by org.testng.reporters.JUnitReportReporter -->
<testsuite hostname="C40FF82NCU" name="EDatDrivenFrame.UseXlsDataDRiven3" tests="9" failures="0" timestamp="20 Dec 2018 11:05:27 GMT" time="0.015" errors="0">
  <testcase name="DP" time="0.001" classname="EDatDrivenFrame.UseXlsDataDRiven3"/>
  <testcase name="DP" time="0.000" classname="EDatDrivenFrame.UseXlsDataDRiven3"/>
  <testcase name="DP" time="0.001" classname="EDatDrivenFrame.UseXlsDataDRiven3"/>
  <testcase name="DP" time="0.009" classname="EDatDrivenFrame.UseXlsDataDRiven3"/>
  <testcase name="DP" time="0.001" classname="EDatDrivenFrame.UseXlsDataDRiven3"/>
  <testcase name="DP" time="0.000" classname="EDatDrivenFrame.UseXlsDataDRiven3"/>
  <testcase name="DP" time="0.001" classname="EDatDrivenFrame.UseXlsDataDRiven3"/>
  <testcase name="DP" time="0.001" classname="EDatDrivenFrame.UseXlsDataDRiven3"/>
  <testcase name="DP" time="0.001" classname="EDatDrivenFrame.UseXlsDataDRiven3"/>
</testsuite> <!-- EDatDrivenFrame.UseXlsDataDRiven3 -->
