<?xml version="1.0" encoding="UTF-8"?>
<!-- Generated by org.testng.reporters.JUnitReportReporter -->
<testsuite hostname="C40FF82NCU" name="DatDrivenFrame.UseXlsDataDRiven3" tests="9" failures="0" timestamp="10 Dec 2018 13:13:15 GMT" time="0.014" errors="0">
  <testcase name="DP" time="0.000" classname="DatDrivenFrame.UseXlsDataDRiven3"/>
  <testcase name="DP" time="0.008" classname="DatDrivenFrame.UseXlsDataDRiven3"/>
  <testcase name="DP" time="0.001" classname="DatDrivenFrame.UseXlsDataDRiven3"/>
  <testcase name="DP" time="0.001" classname="DatDrivenFrame.UseXlsDataDRiven3"/>
  <testcase name="DP" time="0.001" classname="DatDrivenFrame.UseXlsDataDRiven3"/>
  <testcase name="DP" time="0.001" classname="DatDrivenFrame.UseXlsDataDRiven3"/>
  <testcase name="DP" time="0.000" classname="DatDrivenFrame.UseXlsDataDRiven3"/>
  <testcase name="DP" time="0.001" classname="DatDrivenFrame.UseXlsDataDRiven3"/>
  <testcase name="DP" time="0.001" classname="DatDrivenFrame.UseXlsDataDRiven3"/>
</testsuite> <!-- DatDrivenFrame.UseXlsDataDRiven3 -->
