<?xml version="1.0" encoding="UTF-8"?>
<!-- Generated by org.testng.reporters.JUnitReportReporter -->
<testsuite skipped="0" hostname="C40FF82NCU" name="TestNG.DemoTestng" tests="2" failures="0" timestamp="03 Dec 2018 08:07:26 GMT" time="0.010" errors="0">
  <testcase name="TestB" time="0.001" classname="TestNG.DemoTestng"/>
  <testcase name="TestA" time="0.009" classname="TestNG.DemoTestng"/>
</testsuite> <!-- TestNG.DemoTestng -->
