<?xml version="1.0" encoding="UTF-8"?>
<!-- Generated by org.testng.reporters.JUnitReportReporter -->
<testsuite hostname="C40FF82NCU" name="DD2.DummyTestB" tests="2" failures="0" timestamp="14 Dec 2018 06:44:12 GMT" time="24.474" errors="0">
  <testcase name="DTestB2" time="1.745" classname="DD2.DummyTestB"/>
  <testcase name="DTestB1" time="22.729" classname="DD2.DummyTestB"/>
</testsuite> <!-- DD2.DummyTestB -->
