<?xml version="1.0" encoding="UTF-8"?>
<!-- Generated by org.testng.reporters.JUnitReportReporter -->
<testsuite hostname="C40FF82NCU" name="DD2.DummyTestC" tests="1" failures="0" timestamp="28 Dec 2018 08:27:32 GMT" time="12.946" errors="0">
  <testcase name="DTestC1" time="12.946" classname="DD2.DummyTestC"/>
</testsuite> <!-- DD2.DummyTestC -->
