<?xml version="1.0" encoding="UTF-8"?>
<!-- Generated by org.testng.reporters.JUnitReportReporter -->
<testsuite hostname="C40FF82NCU" name="SeleniumTC.RsystemsshotsonPassnFail_Extent4" tests="1" failures="0" timestamp="10 Dec 2018 11:42:09 GMT" time="19.354" errors="0">
  <testcase name="takeScreenshotWhenFailandPass" time="19.354" classname="SeleniumTC.RsystemsshotsonPassnFail_Extent4"/>
</testsuite> <!-- SeleniumTC.RsystemsshotsonPassnFail_Extent4 -->
