<?xml version="1.0" encoding="UTF-8"?>
<!-- Generated by org.testng.reporters.JUnitReportReporter -->
<testsuite hostname="C40FF82NCU" name="SeleniumTC.TestB_Rsystems5" tests="7" failures="0" timestamp="10 Dec 2018 13:27:11 GMT" time="13.359" errors="0">
  <testcase name="testdata" time="0.082" classname="SeleniumTC.TestB_Rsystems5"/>
  <testcase name="testdata" time="0.038" classname="SeleniumTC.TestB_Rsystems5"/>
  <testcase name="testdata" time="0.041" classname="SeleniumTC.TestB_Rsystems5"/>
  <testcase name="takeScreenshotWhenFailandPass" time="13.080" classname="SeleniumTC.TestB_Rsystems5"/>
  <testcase name="testdata" time="0.040" classname="SeleniumTC.TestB_Rsystems5"/>
  <testcase name="testdata" time="0.040" classname="SeleniumTC.TestB_Rsystems5"/>
  <testcase name="testdata" time="0.038" classname="SeleniumTC.TestB_Rsystems5"/>
</testsuite> <!-- SeleniumTC.TestB_Rsystems5 -->
