<?xml version="1.0" encoding="UTF-8"?>
<!-- Generated by org.testng.reporters.JUnitReportReporter -->
<testsuite hostname="C40FF82NCU" name="TestCases.RsystemsScreenshot" tests="1" failures="0" timestamp="7 Dec 2018 08:57:23 GMT" time="25.605" errors="0">
  <testcase name="takeScreenshot" time="25.605" classname="TestCases.RsystemsScreenshot"/>
</testsuite> <!-- TestCases.RsystemsScreenshot -->
