<?xml version="1.0" encoding="UTF-8"?>
<!-- Generated by org.testng.reporters.JUnitReportReporter -->
<testsuite hostname="C40FF82NCU" name="TestNG.TestClassA" tests="2" failures="0" timestamp="10 Dec 2018 11:19:39 GMT" time="0.505" errors="0">
  <testcase name="TestA1" time="0.426" classname="TestNG.TestClassA"/>
  <testcase name="TestA2" time="0.079" classname="TestNG.TestClassA"/>
</testsuite> <!-- TestNG.TestClassA -->
