<?xml version="1.0" encoding="UTF-8"?>
<!-- Generated by org.testng.reporters.JUnitReportReporter -->
<testsuite hostname="C40FF82NCU" name="SeleniumTC.TestB_Rsystems" tests="1" failures="0" timestamp="10 Dec 2018 12:45:25 GMT" time="13.316" errors="0">
  <testcase name="takeScreenshotWhenFailandPass" time="13.316" classname="SeleniumTC.TestB_Rsystems"/>
</testsuite> <!-- SeleniumTC.TestB_Rsystems -->
