<?xml version="1.0" encoding="UTF-8"?>
<!-- Generated by org.testng.reporters.JUnitReportReporter -->
<testsuite hostname="C40FF82NCU" name="DD2.DummyTestC" tests="1" failures="0" timestamp="12 Dec 2018 11:23:08 GMT" time="0.047" errors="0">
  <testcase name="DTestC1" time="0.047" classname="DD2.DummyTestC"/>
</testsuite> <!-- DD2.DummyTestC -->
