<?xml version="1.0" encoding="UTF-8"?>
<!-- Generated by org.testng.reporters.JUnitReportReporter -->
<testsuite hostname="C40FF82NCU" name="SeleniumTC.TestB_Rsystems5" tests="7" failures="0" timestamp="11 Dec 2018 06:16:48 GMT" time="18.343" errors="0">
  <testcase name="takeScreenshotWhenFailandPass" time="13.384" classname="SeleniumTC.TestB_Rsystems5"/>
  <testcase name="testdata" time="0.836" classname="SeleniumTC.TestB_Rsystems5"/>
  <testcase name="testdata" time="0.798" classname="SeleniumTC.TestB_Rsystems5"/>
  <testcase name="testdata" time="0.773" classname="SeleniumTC.TestB_Rsystems5"/>
  <testcase name="testdata" time="0.843" classname="SeleniumTC.TestB_Rsystems5"/>
  <testcase name="testdata" time="0.846" classname="SeleniumTC.TestB_Rsystems5"/>
  <testcase name="testdata" time="0.863" classname="SeleniumTC.TestB_Rsystems5"/>
</testsuite> <!-- SeleniumTC.TestB_Rsystems5 -->
