<?xml version="1.0" encoding="UTF-8"?>
<!-- Generated by org.testng.reporters.JUnitReportReporter -->
<testsuite hostname="C40FF82NCU" name="DD2.DummyTestB" tests="2" failures="0" timestamp="20 Dec 2018 08:37:42 GMT" time="44.823" errors="0">
  <testcase name="DTestB1" time="22.607" classname="DD2.DummyTestB"/>
  <testcase name="DTestB1" time="22.216" classname="DD2.DummyTestB"/>
</testsuite> <!-- DD2.DummyTestB -->
