<?xml version="1.0" encoding="UTF-8"?>
<!-- Generated by org.testng.reporters.JUnitReportReporter -->
<testsuite hostname="C40FF82NCU" name="SeleniumTC.Rsystems_screen_extent_datadriven4" tests="1" failures="0" timestamp="11 Dec 2018 06:16:48 GMT" time="23.579" errors="0">
  <testcase name="takeScreenshotWhenFailandPass" time="23.579" classname="SeleniumTC.Rsystems_screen_extent_datadriven4"/>
</testsuite> <!-- SeleniumTC.Rsystems_screen_extent_datadriven4 -->
