<?xml version="1.0" encoding="UTF-8"?>
<!-- Generated by org.testng.reporters.JUnitReportReporter -->
<testsuite hostname="C40FF82NCU" name="SeleniumTC.Rsystems_screen_extent_datadriven4" tests="1" failures="0" timestamp="10 Dec 2018 12:48:08 GMT" time="18.315" errors="0">
  <testcase name="takeScreenshotWhenFailandPass" time="18.315" classname="SeleniumTC.Rsystems_screen_extent_datadriven4"/>
</testsuite> <!-- SeleniumTC.Rsystems_screen_extent_datadriven4 -->
