<?xml version="1.0" encoding="UTF-8"?>
<!-- Generated by org.testng.reporters.JUnitReportReporter -->
<testsuite skipped="0" hostname="C40FF82NCU" name="TestNG.TestClassB" tests="4" failures="0" timestamp="03 Dec 2018 09:30:49 GMT" time="0.003" errors="0">
  <testcase name="TestB1" time="0.001" classname="TestNG.TestClassB"/>
  <testcase name="TestB1" time="0.001" classname="TestNG.TestClassB"/>
  <testcase name="TestB2" time="0.000" classname="TestNG.TestClassB"/>
  <testcase name="TestB2" time="0.001" classname="TestNG.TestClassB"/>
</testsuite> <!-- TestNG.TestClassB -->
