<?xml version="1.0" encoding="UTF-8"?>
<!-- Generated by org.testng.reporters.JUnitReportReporter -->
<testsuite hostname="C40FF82NCU" name="DD2.DummyTestB" tests="3" failures="0" timestamp="14 Dec 2018 07:48:48 GMT" time="41.817" errors="0">
  <testcase name="DTestB1" time="20.272" classname="DD2.DummyTestB"/>
  <testcase name="DTestB1" time="19.755" classname="DD2.DummyTestB"/>
  <testcase name="DTestB2" time="1.790" classname="DD2.DummyTestB"/>
</testsuite> <!-- DD2.DummyTestB -->
