<?xml version="1.0" encoding="UTF-8"?>
<!-- Generated by org.testng.reporters.JUnitReportReporter -->
<testsuite name="POMlearn.RsysHomePageTest" tests="1" time="16.249" ignored="0" failures="0" timestamp="03 Jan 2019 07:32:58 GMT" skipped="0" hostname="C40FF82NCU" errors="0">
  <testcase name="testhell" time="16.249" classname="POMlearn.RsysHomePageTest"/>
</testsuite> <!-- POMlearn.RsysHomePageTest -->
